<?xml version="1.0" encoding="UTF-8"?>
<!-- Generated by org.testng.reporters.JUnitXMLReporter -->
<testsuite ignored="0" hostname="DESKTOP-8POQ4MS" failures="0" tests="7" name="Test" time="14.077" errors="0" timestamp="2024-10-16T17:32:37 IST">
  <testcase classname="TestNg.TC_1_LoginToOrangeHRM" name="enterUser" time="0.549"/>
  <testcase classname="TestNg.TC_1_LoginToOrangeHRM" name="enterPassword" time="0.099"/>
  <testcase classname="TestNg.TC_1_LoginToOrangeHRM" name="clickLogin" time="1.621"/>
  <testcase classname="TestNg.TC_2_VerifyAdminTab" name="enterUser" time="0.599"/>
  <testcase classname="TestNg.TC_2_VerifyAdminTab" name="enterPassword" time="0.158"/>
  <testcase classname="TestNg.TC_2_VerifyAdminTab" name="clickLogin" time="0.129"/>
  <testcase classname="TestNg.TC_2_VerifyAdminTab" name="clickAdmin" time="2.86"/>
</testsuite> <!-- Test -->
