<?xml version="1.0" encoding="UTF-8"?>
<!-- Generated by org.testng.reporters.JUnitXMLReporter -->
<testsuite ignored="0" hostname="DESKTOP-8POQ4MS" failures="0" tests="3" name="Test" time="7.686" errors="0" timestamp="2024-10-16T17:38:52 IST">
  <testcase classname="TestNg.TC_1_LoginToOrangeHRM" name="enterUser" time="0.701"/>
  <testcase classname="TestNg.TC_1_LoginToOrangeHRM" name="enterPassword" time="0.144"/>
  <testcase classname="TestNg.TC_1_LoginToOrangeHRM" name="clickLogin" time="0.075"/>
</testsuite> <!-- Test -->
