<?xml version="1.0" encoding="UTF-8"?>
<!-- Generated by org.testng.reporters.JUnitXMLReporter -->
<testsuite ignored="0" hostname="DESKTOP-8POQ4MS" failures="0" tests="15" name="Test" time="27.61" errors="0" timestamp="2024-10-16T17:35:04 IST">
  <testcase classname="TestNg.TC_1_LoginToOrangeHRM" name="enterUser" time="0.871"/>
  <testcase classname="TestNg.TC_2_VerifyAdminTab" name="enterUser" time="0.673"/>
  <testcase classname="TestNg.TC_3_VerifyAdminTab" name="enterUser" time="0.705"/>
  <testcase classname="TestNg.TC_4_VerifyAdminTab" name="enterUser" time="0.711"/>
  <testcase classname="TestNg.TC_1_LoginToOrangeHRM" name="enterPassword" time="0.136"/>
  <testcase classname="TestNg.TC_2_VerifyAdminTab" name="enterPassword" time="0.15"/>
  <testcase classname="TestNg.TC_3_VerifyAdminTab" name="enterPassword" time="0.137"/>
  <testcase classname="TestNg.TC_4_VerifyAdminTab" name="enterPassword" time="0.196"/>
  <testcase classname="TestNg.TC_1_LoginToOrangeHRM" name="clickLogin" time="0.103"/>
  <testcase classname="TestNg.TC_2_VerifyAdminTab" name="clickLogin" time="1.425"/>
  <testcase classname="TestNg.TC_3_VerifyAdminTab" name="clickLogin" time="1.998"/>
  <testcase classname="TestNg.TC_4_VerifyAdminTab" name="clickLogin" time="1.93"/>
  <testcase classname="TestNg.TC_2_VerifyAdminTab" name="clickAdmin" time="3.148"/>
  <testcase classname="TestNg.TC_3_VerifyAdminTab" name="clickAdmin" time="1.474"/>
  <testcase classname="TestNg.TC_4_VerifyAdminTab" name="clickAdmin" time="0.991"/>
</testsuite> <!-- Test -->
