<?xml version="1.0" encoding="UTF-8"?>
<testng-results ignored="0" total="3" passed="3" failed="0" skipped="0">
  <reporter-output>
  </reporter-output>
  <suite started-at="2024-10-16T17:38:44 IST" name="Suite" finished-at="2024-10-16T17:38:52 IST" duration-ms="7686">
    <groups>
    </groups>
    <test started-at="2024-10-16T17:38:44 IST" name="Test" finished-at="2024-10-16T17:38:52 IST" duration-ms="7686">
      <class name="TestNg.TC_1_LoginToOrangeHRM">
        <test-method is-config="true" signature="launchBrowser()[pri:0, instance:TestNg.TC_1_LoginToOrangeHRM@cb0755b]" started-at="2024-10-16T17:38:41 IST" name="launchBrowser" finished-at="2024-10-16T17:38:44 IST" duration-ms="3065" status="PASS">
          <reporter-output>
          </reporter-output>
        </test-method> <!-- launchBrowser -->
        <test-method is-config="true" signature="launchURL()[pri:0, instance:TestNg.TC_1_LoginToOrangeHRM@cb0755b]" started-at="2024-10-16T17:38:44 IST" name="launchURL" finished-at="2024-10-16T17:38:51 IST" duration-ms="6631" status="PASS">
          <reporter-output>
          </reporter-output>
        </test-method> <!-- launchURL -->
        <test-method is-config="true" signature="waitingTime()[pri:0, instance:TestNg.TC_1_LoginToOrangeHRM@cb0755b]" started-at="2024-10-16T17:38:51 IST" name="waitingTime" finished-at="2024-10-16T17:38:51 IST" duration-ms="9" status="PASS">
          <reporter-output>
          </reporter-output>
        </test-method> <!-- waitingTime -->
        <test-method signature="enterUser()[pri:1, instance:TestNg.TC_1_LoginToOrangeHRM@cb0755b]" started-at="2024-10-16T17:38:51 IST" name="enterUser" finished-at="2024-10-16T17:38:51 IST" duration-ms="701" status="PASS">
          <reporter-output>
          </reporter-output>
        </test-method> <!-- enterUser -->
        <test-method is-config="true" signature="waitingTime1()[pri:0, instance:TestNg.TC_1_LoginToOrangeHRM@cb0755b]" started-at="2024-10-16T17:38:51 IST" name="waitingTime1" finished-at="2024-10-16T17:38:51 IST" duration-ms="10" status="PASS">
          <reporter-output>
          </reporter-output>
        </test-method> <!-- waitingTime1 -->
        <test-method is-config="true" signature="waitingTime()[pri:0, instance:TestNg.TC_1_LoginToOrangeHRM@cb0755b]" started-at="2024-10-16T17:38:51 IST" name="waitingTime" finished-at="2024-10-16T17:38:51 IST" duration-ms="8" status="PASS">
          <reporter-output>
          </reporter-output>
        </test-method> <!-- waitingTime -->
        <test-method signature="enterPassword()[pri:2, instance:TestNg.TC_1_LoginToOrangeHRM@cb0755b]" started-at="2024-10-16T17:38:51 IST" name="enterPassword" finished-at="2024-10-16T17:38:52 IST" duration-ms="144" status="PASS">
          <reporter-output>
          </reporter-output>
        </test-method> <!-- enterPassword -->
        <test-method is-config="true" signature="waitingTime1()[pri:0, instance:TestNg.TC_1_LoginToOrangeHRM@cb0755b]" started-at="2024-10-16T17:38:52 IST" name="waitingTime1" finished-at="2024-10-16T17:38:52 IST" duration-ms="6" status="PASS">
          <reporter-output>
          </reporter-output>
        </test-method> <!-- waitingTime1 -->
        <test-method is-config="true" signature="waitingTime()[pri:0, instance:TestNg.TC_1_LoginToOrangeHRM@cb0755b]" started-at="2024-10-16T17:38:52 IST" name="waitingTime" finished-at="2024-10-16T17:38:52 IST" duration-ms="5" status="PASS">
          <reporter-output>
          </reporter-output>
        </test-method> <!-- waitingTime -->
        <test-method signature="clickLogin()[pri:3, instance:TestNg.TC_1_LoginToOrangeHRM@cb0755b]" started-at="2024-10-16T17:38:52 IST" name="clickLogin" finished-at="2024-10-16T17:38:52 IST" duration-ms="75" status="PASS">
          <reporter-output>
          </reporter-output>
        </test-method> <!-- clickLogin -->
        <test-method is-config="true" signature="waitingTime1()[pri:0, instance:TestNg.TC_1_LoginToOrangeHRM@cb0755b]" started-at="2024-10-16T17:38:52 IST" name="waitingTime1" finished-at="2024-10-16T17:38:52 IST" duration-ms="14" status="PASS">
          <reporter-output>
          </reporter-output>
        </test-method> <!-- waitingTime1 -->
        <test-method is-config="true" signature="closeBrowser()[pri:0, instance:TestNg.TC_1_LoginToOrangeHRM@cb0755b]" started-at="2024-10-16T17:38:52 IST" name="closeBrowser" finished-at="2024-10-16T17:38:52 IST" duration-ms="2" status="PASS">
          <reporter-output>
          </reporter-output>
        </test-method> <!-- closeBrowser -->
      </class> <!-- TestNg.TC_1_LoginToOrangeHRM -->
    </test> <!-- Test -->
  </suite> <!-- Suite -->
</testng-results>
