<?xml version="1.0" encoding="UTF-8"?>
<!-- Generated by org.testng.reporters.JUnitXMLReporter -->
<testsuite ignored="0" hostname="DESKTOP-8POQ4MS" failures="0" tests="5" name="Default test" time="12.39" errors="0" timestamp="2024-10-22T18:30:04 IST">
  <testcase classname="Listeners.TC_3_VerifyLoginAndLogout" name="enterUsername" time="0.473"/>
  <testcase classname="Listeners.TC_3_VerifyLoginAndLogout" name="enterPassword" time="0.288"/>
  <testcase classname="Listeners.TC_3_VerifyLoginAndLogout" name="clickLogin" time="0.101"/>
  <testcase classname="Listeners.TC_3_VerifyLoginAndLogout" name="clickUserDropdown" time="3.56"/>
  <testcase classname="Listeners.TC_3_VerifyLoginAndLogout" name="clickLogout" time="1.916"/>
</testsuite> <!-- Default test -->
