<?xml version="1.0" encoding="UTF-8"?>
<testng-results ignored="0" total="15" passed="15" failed="0" skipped="0">
  <reporter-output>
  </reporter-output>
  <suite started-at="2024-10-16T17:34:36 IST" name="Suite" finished-at="2024-10-16T17:35:04 IST" duration-ms="27610">
    <groups>
    </groups>
    <test started-at="2024-10-16T17:34:36 IST" name="Test" finished-at="2024-10-16T17:35:04 IST" duration-ms="27610">
      <class name="TestNg.TC_4_VerifyAdminTab">
        <test-method is-config="true" signature="launchBrowser()[pri:0, instance:TestNg.TC_4_VerifyAdminTab@4b29d1d2]" started-at="2024-10-16T17:34:31 IST" name="launchBrowser" finished-at="2024-10-16T17:34:36 IST" duration-ms="5032" status="PASS">
          <reporter-output>
          </reporter-output>
        </test-method> <!-- launchBrowser -->
        <test-method is-config="true" signature="launchURL()[pri:0, instance:TestNg.TC_4_VerifyAdminTab@4b29d1d2]" started-at="2024-10-16T17:34:48 IST" name="launchURL" finished-at="2024-10-16T17:34:51 IST" duration-ms="2722" status="PASS">
          <reporter-output>
          </reporter-output>
        </test-method> <!-- launchURL -->
        <test-method is-config="true" signature="waitingTime()[pri:0, instance:TestNg.TC_4_VerifyAdminTab@4b29d1d2]" started-at="2024-10-16T17:34:51 IST" name="waitingTime" finished-at="2024-10-16T17:34:51 IST" duration-ms="11" status="PASS">
          <reporter-output>
          </reporter-output>
        </test-method> <!-- waitingTime -->
        <test-method signature="enterUser()[pri:1, instance:TestNg.TC_4_VerifyAdminTab@4b29d1d2]" started-at="2024-10-16T17:34:51 IST" name="enterUser" finished-at="2024-10-16T17:34:52 IST" duration-ms="711" status="PASS">
          <reporter-output>
          </reporter-output>
        </test-method> <!-- enterUser -->
        <test-method is-config="true" signature="waitingTime1()[pri:0, instance:TestNg.TC_4_VerifyAdminTab@4b29d1d2]" started-at="2024-10-16T17:34:52 IST" name="waitingTime1" finished-at="2024-10-16T17:34:52 IST" duration-ms="11" status="PASS">
          <reporter-output>
          </reporter-output>
        </test-method> <!-- waitingTime1 -->
        <test-method is-config="true" signature="waitingTime()[pri:0, instance:TestNg.TC_4_VerifyAdminTab@4b29d1d2]" started-at="2024-10-16T17:34:52 IST" name="waitingTime" finished-at="2024-10-16T17:34:52 IST" duration-ms="8" status="PASS">
          <reporter-output>
          </reporter-output>
        </test-method> <!-- waitingTime -->
        <test-method signature="enterPassword()[pri:2, instance:TestNg.TC_4_VerifyAdminTab@4b29d1d2]" started-at="2024-10-16T17:34:52 IST" name="enterPassword" finished-at="2024-10-16T17:34:52 IST" duration-ms="196" status="PASS">
          <reporter-output>
          </reporter-output>
        </test-method> <!-- enterPassword -->
        <test-method is-config="true" signature="waitingTime1()[pri:0, instance:TestNg.TC_4_VerifyAdminTab@4b29d1d2]" started-at="2024-10-16T17:34:52 IST" name="waitingTime1" finished-at="2024-10-16T17:34:52 IST" duration-ms="25" status="PASS">
          <reporter-output>
          </reporter-output>
        </test-method> <!-- waitingTime1 -->
        <test-method is-config="true" signature="waitingTime()[pri:0, instance:TestNg.TC_4_VerifyAdminTab@4b29d1d2]" started-at="2024-10-16T17:34:56 IST" name="waitingTime" finished-at="2024-10-16T17:34:56 IST" duration-ms="13" status="PASS">
          <reporter-output>
          </reporter-output>
        </test-method> <!-- waitingTime -->
        <test-method signature="clickLogin()[pri:3, instance:TestNg.TC_4_VerifyAdminTab@4b29d1d2]" started-at="2024-10-16T17:34:56 IST" name="clickLogin" finished-at="2024-10-16T17:34:58 IST" duration-ms="1930" status="PASS">
          <reporter-output>
          </reporter-output>
        </test-method> <!-- clickLogin -->
        <test-method is-config="true" signature="waitingTime1()[pri:0, instance:TestNg.TC_4_VerifyAdminTab@4b29d1d2]" started-at="2024-10-16T17:34:58 IST" name="waitingTime1" finished-at="2024-10-16T17:34:58 IST" duration-ms="9" status="PASS">
          <reporter-output>
          </reporter-output>
        </test-method> <!-- waitingTime1 -->
        <test-method is-config="true" signature="waitingTime()[pri:0, instance:TestNg.TC_4_VerifyAdminTab@4b29d1d2]" started-at="2024-10-16T17:35:03 IST" name="waitingTime" finished-at="2024-10-16T17:35:03 IST" duration-ms="7" status="PASS">
          <reporter-output>
          </reporter-output>
        </test-method> <!-- waitingTime -->
        <test-method signature="clickAdmin()[pri:4, instance:TestNg.TC_4_VerifyAdminTab@4b29d1d2]" started-at="2024-10-16T17:35:03 IST" name="clickAdmin" finished-at="2024-10-16T17:35:04 IST" duration-ms="991" status="PASS">
          <reporter-output>
          </reporter-output>
        </test-method> <!-- clickAdmin -->
        <test-method is-config="true" signature="waitingTime1()[pri:0, instance:TestNg.TC_4_VerifyAdminTab@4b29d1d2]" started-at="2024-10-16T17:35:04 IST" name="waitingTime1" finished-at="2024-10-16T17:35:04 IST" duration-ms="17" status="PASS">
          <reporter-output>
          </reporter-output>
        </test-method> <!-- waitingTime1 -->
        <test-method is-config="true" signature="closeBrowser()[pri:0, instance:TestNg.TC_4_VerifyAdminTab@4b29d1d2]" started-at="2024-10-16T17:35:04 IST" name="closeBrowser" finished-at="2024-10-16T17:35:04 IST" duration-ms="1" status="PASS">
          <reporter-output>
          </reporter-output>
        </test-method> <!-- closeBrowser -->
      </class> <!-- TestNg.TC_4_VerifyAdminTab -->
      <class name="TestNg.TC_1_LoginToOrangeHRM">
        <test-method is-config="true" signature="launchBrowser()[pri:0, instance:TestNg.TC_1_LoginToOrangeHRM@742ff096]" started-at="2024-10-16T17:34:19 IST" name="launchBrowser" finished-at="2024-10-16T17:34:22 IST" duration-ms="2983" status="PASS">
          <reporter-output>
          </reporter-output>
        </test-method> <!-- launchBrowser -->
        <test-method is-config="true" signature="launchURL()[pri:0, instance:TestNg.TC_1_LoginToOrangeHRM@742ff096]" started-at="2024-10-16T17:34:36 IST" name="launchURL" finished-at="2024-10-16T17:34:40 IST" duration-ms="3477" status="PASS">
          <reporter-output>
          </reporter-output>
        </test-method> <!-- launchURL -->
        <test-method is-config="true" signature="waitingTime()[pri:0, instance:TestNg.TC_1_LoginToOrangeHRM@742ff096]" started-at="2024-10-16T17:34:40 IST" name="waitingTime" finished-at="2024-10-16T17:34:40 IST" duration-ms="8" status="PASS">
          <reporter-output>
          </reporter-output>
        </test-method> <!-- waitingTime -->
        <test-method signature="enterUser()[pri:1, instance:TestNg.TC_1_LoginToOrangeHRM@742ff096]" started-at="2024-10-16T17:34:40 IST" name="enterUser" finished-at="2024-10-16T17:34:41 IST" duration-ms="871" status="PASS">
          <reporter-output>
          </reporter-output>
        </test-method> <!-- enterUser -->
        <test-method is-config="true" signature="waitingTime1()[pri:0, instance:TestNg.TC_1_LoginToOrangeHRM@742ff096]" started-at="2024-10-16T17:34:41 IST" name="waitingTime1" finished-at="2024-10-16T17:34:41 IST" duration-ms="20" status="PASS">
          <reporter-output>
          </reporter-output>
        </test-method> <!-- waitingTime1 -->
        <test-method is-config="true" signature="waitingTime()[pri:0, instance:TestNg.TC_1_LoginToOrangeHRM@742ff096]" started-at="2024-10-16T17:34:52 IST" name="waitingTime" finished-at="2024-10-16T17:34:52 IST" duration-ms="12" status="PASS">
          <reporter-output>
          </reporter-output>
        </test-method> <!-- waitingTime -->
        <test-method signature="enterPassword()[pri:2, instance:TestNg.TC_1_LoginToOrangeHRM@742ff096]" started-at="2024-10-16T17:34:52 IST" name="enterPassword" finished-at="2024-10-16T17:34:52 IST" duration-ms="136" status="PASS">
          <reporter-output>
          </reporter-output>
        </test-method> <!-- enterPassword -->
        <test-method is-config="true" signature="waitingTime1()[pri:0, instance:TestNg.TC_1_LoginToOrangeHRM@742ff096]" started-at="2024-10-16T17:34:52 IST" name="waitingTime1" finished-at="2024-10-16T17:34:52 IST" duration-ms="15" status="PASS">
          <reporter-output>
          </reporter-output>
        </test-method> <!-- waitingTime1 -->
        <test-method is-config="true" signature="waitingTime()[pri:0, instance:TestNg.TC_1_LoginToOrangeHRM@742ff096]" started-at="2024-10-16T17:34:52 IST" name="waitingTime" finished-at="2024-10-16T17:34:52 IST" duration-ms="5" status="PASS">
          <reporter-output>
          </reporter-output>
        </test-method> <!-- waitingTime -->
        <test-method signature="clickLogin()[pri:3, instance:TestNg.TC_1_LoginToOrangeHRM@742ff096]" started-at="2024-10-16T17:34:52 IST" name="clickLogin" finished-at="2024-10-16T17:34:53 IST" duration-ms="103" status="PASS">
          <reporter-output>
          </reporter-output>
        </test-method> <!-- clickLogin -->
        <test-method is-config="true" signature="waitingTime1()[pri:0, instance:TestNg.TC_1_LoginToOrangeHRM@742ff096]" started-at="2024-10-16T17:34:53 IST" name="waitingTime1" finished-at="2024-10-16T17:34:53 IST" duration-ms="21" status="PASS">
          <reporter-output>
          </reporter-output>
        </test-method> <!-- waitingTime1 -->
        <test-method is-config="true" signature="closeBrowser()[pri:0, instance:TestNg.TC_1_LoginToOrangeHRM@742ff096]" started-at="2024-10-16T17:35:04 IST" name="closeBrowser" finished-at="2024-10-16T17:35:04 IST" duration-ms="0" status="PASS">
          <reporter-output>
          </reporter-output>
        </test-method> <!-- closeBrowser -->
      </class> <!-- TestNg.TC_1_LoginToOrangeHRM -->
      <class name="TestNg.TC_2_VerifyAdminTab">
        <test-method is-config="true" signature="launchBrowser()[pri:0, instance:TestNg.TC_2_VerifyAdminTab@4a83a74a]" started-at="2024-10-16T17:34:22 IST" name="launchBrowser" finished-at="2024-10-16T17:34:27 IST" duration-ms="4646" status="PASS">
          <reporter-output>
          </reporter-output>
        </test-method> <!-- launchBrowser -->
        <test-method is-config="true" signature="launchURL()[pri:0, instance:TestNg.TC_2_VerifyAdminTab@4a83a74a]" started-at="2024-10-16T17:34:41 IST" name="launchURL" finished-at="2024-10-16T17:34:44 IST" duration-ms="2858" status="PASS">
          <reporter-output>
          </reporter-output>
        </test-method> <!-- launchURL -->
        <test-method is-config="true" signature="waitingTime()[pri:0, instance:TestNg.TC_2_VerifyAdminTab@4a83a74a]" started-at="2024-10-16T17:34:44 IST" name="waitingTime" finished-at="2024-10-16T17:34:44 IST" duration-ms="8" status="PASS">
          <reporter-output>
          </reporter-output>
        </test-method> <!-- waitingTime -->
        <test-method signature="enterUser()[pri:1, instance:TestNg.TC_2_VerifyAdminTab@4a83a74a]" started-at="2024-10-16T17:34:44 IST" name="enterUser" finished-at="2024-10-16T17:34:44 IST" duration-ms="673" status="PASS">
          <reporter-output>
          </reporter-output>
        </test-method> <!-- enterUser -->
        <test-method is-config="true" signature="waitingTime1()[pri:0, instance:TestNg.TC_2_VerifyAdminTab@4a83a74a]" started-at="2024-10-16T17:34:44 IST" name="waitingTime1" finished-at="2024-10-16T17:34:44 IST" duration-ms="15" status="PASS">
          <reporter-output>
          </reporter-output>
        </test-method> <!-- waitingTime1 -->
        <test-method is-config="true" signature="waitingTime()[pri:0, instance:TestNg.TC_2_VerifyAdminTab@4a83a74a]" started-at="2024-10-16T17:34:52 IST" name="waitingTime" finished-at="2024-10-16T17:34:52 IST" duration-ms="16" status="PASS">
          <reporter-output>
          </reporter-output>
        </test-method> <!-- waitingTime -->
        <test-method signature="enterPassword()[pri:2, instance:TestNg.TC_2_VerifyAdminTab@4a83a74a]" started-at="2024-10-16T17:34:52 IST" name="enterPassword" finished-at="2024-10-16T17:34:52 IST" duration-ms="150" status="PASS">
          <reporter-output>
          </reporter-output>
        </test-method> <!-- enterPassword -->
        <test-method is-config="true" signature="waitingTime1()[pri:0, instance:TestNg.TC_2_VerifyAdminTab@4a83a74a]" started-at="2024-10-16T17:34:52 IST" name="waitingTime1" finished-at="2024-10-16T17:34:52 IST" duration-ms="11" status="PASS">
          <reporter-output>
          </reporter-output>
        </test-method> <!-- waitingTime1 -->
        <test-method is-config="true" signature="waitingTime()[pri:0, instance:TestNg.TC_2_VerifyAdminTab@4a83a74a]" started-at="2024-10-16T17:34:53 IST" name="waitingTime" finished-at="2024-10-16T17:34:53 IST" duration-ms="14" status="PASS">
          <reporter-output>
          </reporter-output>
        </test-method> <!-- waitingTime -->
        <test-method signature="clickLogin()[pri:3, instance:TestNg.TC_2_VerifyAdminTab@4a83a74a]" started-at="2024-10-16T17:34:53 IST" name="clickLogin" finished-at="2024-10-16T17:34:54 IST" duration-ms="1425" status="PASS">
          <reporter-output>
          </reporter-output>
        </test-method> <!-- clickLogin -->
        <test-method is-config="true" signature="waitingTime1()[pri:0, instance:TestNg.TC_2_VerifyAdminTab@4a83a74a]" started-at="2024-10-16T17:34:54 IST" name="waitingTime1" finished-at="2024-10-16T17:34:54 IST" duration-ms="6" status="PASS">
          <reporter-output>
          </reporter-output>
        </test-method> <!-- waitingTime1 -->
        <test-method is-config="true" signature="waitingTime()[pri:0, instance:TestNg.TC_2_VerifyAdminTab@4a83a74a]" started-at="2024-10-16T17:34:58 IST" name="waitingTime" finished-at="2024-10-16T17:34:58 IST" duration-ms="33" status="PASS">
          <reporter-output>
          </reporter-output>
        </test-method> <!-- waitingTime -->
        <test-method signature="clickAdmin()[pri:4, instance:TestNg.TC_2_VerifyAdminTab@4a83a74a]" started-at="2024-10-16T17:34:58 IST" name="clickAdmin" finished-at="2024-10-16T17:35:01 IST" duration-ms="3148" status="PASS">
          <reporter-output>
          </reporter-output>
        </test-method> <!-- clickAdmin -->
        <test-method is-config="true" signature="waitingTime1()[pri:0, instance:TestNg.TC_2_VerifyAdminTab@4a83a74a]" started-at="2024-10-16T17:35:01 IST" name="waitingTime1" finished-at="2024-10-16T17:35:01 IST" duration-ms="32" status="PASS">
          <reporter-output>
          </reporter-output>
        </test-method> <!-- waitingTime1 -->
        <test-method is-config="true" signature="closeBrowser()[pri:0, instance:TestNg.TC_2_VerifyAdminTab@4a83a74a]" started-at="2024-10-16T17:35:04 IST" name="closeBrowser" finished-at="2024-10-16T17:35:04 IST" duration-ms="0" status="PASS">
          <reporter-output>
          </reporter-output>
        </test-method> <!-- closeBrowser -->
      </class> <!-- TestNg.TC_2_VerifyAdminTab -->
      <class name="TestNg.TC_3_VerifyAdminTab">
        <test-method is-config="true" signature="launchBrowser()[pri:0, instance:TestNg.TC_3_VerifyAdminTab@1349883]" started-at="2024-10-16T17:34:27 IST" name="launchBrowser" finished-at="2024-10-16T17:34:31 IST" duration-ms="4371" status="PASS">
          <reporter-output>
          </reporter-output>
        </test-method> <!-- launchBrowser -->
        <test-method is-config="true" signature="launchURL()[pri:0, instance:TestNg.TC_3_VerifyAdminTab@1349883]" started-at="2024-10-16T17:34:44 IST" name="launchURL" finished-at="2024-10-16T17:34:47 IST" duration-ms="3224" status="PASS">
          <reporter-output>
          </reporter-output>
        </test-method> <!-- launchURL -->
        <test-method is-config="true" signature="waitingTime()[pri:0, instance:TestNg.TC_3_VerifyAdminTab@1349883]" started-at="2024-10-16T17:34:47 IST" name="waitingTime" finished-at="2024-10-16T17:34:47 IST" duration-ms="10" status="PASS">
          <reporter-output>
          </reporter-output>
        </test-method> <!-- waitingTime -->
        <test-method signature="enterUser()[pri:1, instance:TestNg.TC_3_VerifyAdminTab@1349883]" started-at="2024-10-16T17:34:47 IST" name="enterUser" finished-at="2024-10-16T17:34:48 IST" duration-ms="705" status="PASS">
          <reporter-output>
          </reporter-output>
        </test-method> <!-- enterUser -->
        <test-method is-config="true" signature="waitingTime1()[pri:0, instance:TestNg.TC_3_VerifyAdminTab@1349883]" started-at="2024-10-16T17:34:48 IST" name="waitingTime1" finished-at="2024-10-16T17:34:48 IST" duration-ms="12" status="PASS">
          <reporter-output>
          </reporter-output>
        </test-method> <!-- waitingTime1 -->
        <test-method is-config="true" signature="waitingTime()[pri:0, instance:TestNg.TC_3_VerifyAdminTab@1349883]" started-at="2024-10-16T17:34:52 IST" name="waitingTime" finished-at="2024-10-16T17:34:52 IST" duration-ms="10" status="PASS">
          <reporter-output>
          </reporter-output>
        </test-method> <!-- waitingTime -->
        <test-method signature="enterPassword()[pri:2, instance:TestNg.TC_3_VerifyAdminTab@1349883]" started-at="2024-10-16T17:34:52 IST" name="enterPassword" finished-at="2024-10-16T17:34:52 IST" duration-ms="137" status="PASS">
          <reporter-output>
          </reporter-output>
        </test-method> <!-- enterPassword -->
        <test-method is-config="true" signature="waitingTime1()[pri:0, instance:TestNg.TC_3_VerifyAdminTab@1349883]" started-at="2024-10-16T17:34:52 IST" name="waitingTime1" finished-at="2024-10-16T17:34:52 IST" duration-ms="10" status="PASS">
          <reporter-output>
          </reporter-output>
        </test-method> <!-- waitingTime1 -->
        <test-method is-config="true" signature="waitingTime()[pri:0, instance:TestNg.TC_3_VerifyAdminTab@1349883]" started-at="2024-10-16T17:34:54 IST" name="waitingTime" finished-at="2024-10-16T17:34:54 IST" duration-ms="20" status="PASS">
          <reporter-output>
          </reporter-output>
        </test-method> <!-- waitingTime -->
        <test-method signature="clickLogin()[pri:3, instance:TestNg.TC_3_VerifyAdminTab@1349883]" started-at="2024-10-16T17:34:54 IST" name="clickLogin" finished-at="2024-10-16T17:34:56 IST" duration-ms="1998" status="PASS">
          <reporter-output>
          </reporter-output>
        </test-method> <!-- clickLogin -->
        <test-method is-config="true" signature="waitingTime1()[pri:0, instance:TestNg.TC_3_VerifyAdminTab@1349883]" started-at="2024-10-16T17:34:56 IST" name="waitingTime1" finished-at="2024-10-16T17:34:56 IST" duration-ms="13" status="PASS">
          <reporter-output>
          </reporter-output>
        </test-method> <!-- waitingTime1 -->
        <test-method is-config="true" signature="waitingTime()[pri:0, instance:TestNg.TC_3_VerifyAdminTab@1349883]" started-at="2024-10-16T17:35:01 IST" name="waitingTime" finished-at="2024-10-16T17:35:01 IST" duration-ms="21" status="PASS">
          <reporter-output>
          </reporter-output>
        </test-method> <!-- waitingTime -->
        <test-method signature="clickAdmin()[pri:4, instance:TestNg.TC_3_VerifyAdminTab@1349883]" started-at="2024-10-16T17:35:01 IST" name="clickAdmin" finished-at="2024-10-16T17:35:03 IST" duration-ms="1474" status="PASS">
          <reporter-output>
          </reporter-output>
        </test-method> <!-- clickAdmin -->
        <test-method is-config="true" signature="waitingTime1()[pri:0, instance:TestNg.TC_3_VerifyAdminTab@1349883]" started-at="2024-10-16T17:35:03 IST" name="waitingTime1" finished-at="2024-10-16T17:35:03 IST" duration-ms="8" status="PASS">
          <reporter-output>
          </reporter-output>
        </test-method> <!-- waitingTime1 -->
        <test-method is-config="true" signature="closeBrowser()[pri:0, instance:TestNg.TC_3_VerifyAdminTab@1349883]" started-at="2024-10-16T17:35:04 IST" name="closeBrowser" finished-at="2024-10-16T17:35:04 IST" duration-ms="1" status="PASS">
          <reporter-output>
          </reporter-output>
        </test-method> <!-- closeBrowser -->
      </class> <!-- TestNg.TC_3_VerifyAdminTab -->
    </test> <!-- Test -->
  </suite> <!-- Suite -->
</testng-results>
