<?xml version="1.0" encoding="UTF-8"?>
<testng-results ignored="0" total="4" passed="4" failed="0" skipped="0">
  <reporter-output>
  </reporter-output>
  <suite started-at="2024-10-16T17:37:31 IST" name="Suite" finished-at="2024-10-16T17:37:42 IST" duration-ms="10816">
    <groups>
    </groups>
    <test started-at="2024-10-16T17:37:31 IST" name="Test" finished-at="2024-10-16T17:37:42 IST" duration-ms="10816">
      <class name="TestNg.TC_2_VerifyAdminTab">
        <test-method is-config="true" signature="launchBrowser()[pri:0, instance:TestNg.TC_2_VerifyAdminTab@33065d67]" started-at="2024-10-16T17:37:26 IST" name="launchBrowser" finished-at="2024-10-16T17:37:31 IST" duration-ms="4883" status="PASS">
          <reporter-output>
          </reporter-output>
        </test-method> <!-- launchBrowser -->
        <test-method is-config="true" signature="launchURL()[pri:0, instance:TestNg.TC_2_VerifyAdminTab@33065d67]" started-at="2024-10-16T17:37:31 IST" name="launchURL" finished-at="2024-10-16T17:37:37 IST" duration-ms="6191" status="PASS">
          <reporter-output>
          </reporter-output>
        </test-method> <!-- launchURL -->
        <test-method is-config="true" signature="waitingTime()[pri:0, instance:TestNg.TC_2_VerifyAdminTab@33065d67]" started-at="2024-10-16T17:37:37 IST" name="waitingTime" finished-at="2024-10-16T17:37:37 IST" duration-ms="8" status="PASS">
          <reporter-output>
          </reporter-output>
        </test-method> <!-- waitingTime -->
        <test-method signature="enterUser()[pri:1, instance:TestNg.TC_2_VerifyAdminTab@33065d67]" started-at="2024-10-16T17:37:37 IST" name="enterUser" finished-at="2024-10-16T17:37:38 IST" duration-ms="1180" status="PASS">
          <reporter-output>
          </reporter-output>
        </test-method> <!-- enterUser -->
        <test-method is-config="true" signature="waitingTime1()[pri:0, instance:TestNg.TC_2_VerifyAdminTab@33065d67]" started-at="2024-10-16T17:37:38 IST" name="waitingTime1" finished-at="2024-10-16T17:37:38 IST" duration-ms="10" status="PASS">
          <reporter-output>
          </reporter-output>
        </test-method> <!-- waitingTime1 -->
        <test-method is-config="true" signature="waitingTime()[pri:0, instance:TestNg.TC_2_VerifyAdminTab@33065d67]" started-at="2024-10-16T17:37:38 IST" name="waitingTime" finished-at="2024-10-16T17:37:38 IST" duration-ms="5" status="PASS">
          <reporter-output>
          </reporter-output>
        </test-method> <!-- waitingTime -->
        <test-method signature="enterPassword()[pri:2, instance:TestNg.TC_2_VerifyAdminTab@33065d67]" started-at="2024-10-16T17:37:38 IST" name="enterPassword" finished-at="2024-10-16T17:37:38 IST" duration-ms="197" status="PASS">
          <reporter-output>
          </reporter-output>
        </test-method> <!-- enterPassword -->
        <test-method is-config="true" signature="waitingTime1()[pri:0, instance:TestNg.TC_2_VerifyAdminTab@33065d67]" started-at="2024-10-16T17:37:38 IST" name="waitingTime1" finished-at="2024-10-16T17:37:38 IST" duration-ms="6" status="PASS">
          <reporter-output>
          </reporter-output>
        </test-method> <!-- waitingTime1 -->
        <test-method is-config="true" signature="waitingTime()[pri:0, instance:TestNg.TC_2_VerifyAdminTab@33065d67]" started-at="2024-10-16T17:37:38 IST" name="waitingTime" finished-at="2024-10-16T17:37:38 IST" duration-ms="5" status="PASS">
          <reporter-output>
          </reporter-output>
        </test-method> <!-- waitingTime -->
        <test-method signature="clickLogin()[pri:3, instance:TestNg.TC_2_VerifyAdminTab@33065d67]" started-at="2024-10-16T17:37:38 IST" name="clickLogin" finished-at="2024-10-16T17:37:40 IST" duration-ms="1281" status="PASS">
          <reporter-output>
          </reporter-output>
        </test-method> <!-- clickLogin -->
        <test-method is-config="true" signature="waitingTime1()[pri:0, instance:TestNg.TC_2_VerifyAdminTab@33065d67]" started-at="2024-10-16T17:37:40 IST" name="waitingTime1" finished-at="2024-10-16T17:37:40 IST" duration-ms="9" status="PASS">
          <reporter-output>
          </reporter-output>
        </test-method> <!-- waitingTime1 -->
        <test-method is-config="true" signature="waitingTime()[pri:0, instance:TestNg.TC_2_VerifyAdminTab@33065d67]" started-at="2024-10-16T17:37:40 IST" name="waitingTime" finished-at="2024-10-16T17:37:40 IST" duration-ms="9" status="PASS">
          <reporter-output>
          </reporter-output>
        </test-method> <!-- waitingTime -->
        <test-method signature="clickAdmin()[pri:4, instance:TestNg.TC_2_VerifyAdminTab@33065d67]" started-at="2024-10-16T17:37:40 IST" name="clickAdmin" finished-at="2024-10-16T17:37:42 IST" duration-ms="1801" status="PASS">
          <reporter-output>
          </reporter-output>
        </test-method> <!-- clickAdmin -->
        <test-method is-config="true" signature="waitingTime1()[pri:0, instance:TestNg.TC_2_VerifyAdminTab@33065d67]" started-at="2024-10-16T17:37:42 IST" name="waitingTime1" finished-at="2024-10-16T17:37:42 IST" duration-ms="14" status="PASS">
          <reporter-output>
          </reporter-output>
        </test-method> <!-- waitingTime1 -->
        <test-method is-config="true" signature="closeBrowser()[pri:0, instance:TestNg.TC_2_VerifyAdminTab@33065d67]" started-at="2024-10-16T17:37:42 IST" name="closeBrowser" finished-at="2024-10-16T17:37:42 IST" duration-ms="2" status="PASS">
          <reporter-output>
          </reporter-output>
        </test-method> <!-- closeBrowser -->
      </class> <!-- TestNg.TC_2_VerifyAdminTab -->
    </test> <!-- Test -->
  </suite> <!-- Suite -->
</testng-results>
