<?xml version="1.0" encoding="UTF-8"?>
<testng-results ignored="0" total="7" passed="7" failed="0" skipped="0">
  <reporter-output>
  </reporter-output>
  <suite started-at="2024-10-16T17:32:23 IST" name="Suite" finished-at="2024-10-16T17:32:37 IST" duration-ms="14077">
    <groups>
    </groups>
    <test started-at="2024-10-16T17:32:23 IST" name="Test" finished-at="2024-10-16T17:32:37 IST" duration-ms="14077">
      <class name="TestNg.TC_1_LoginToOrangeHRM">
        <test-method is-config="true" signature="launchBrowser()[pri:0, instance:TestNg.TC_1_LoginToOrangeHRM@712625fd]" started-at="2024-10-16T17:32:10 IST" name="launchBrowser" finished-at="2024-10-16T17:32:13 IST" duration-ms="2965" status="PASS">
          <reporter-output>
          </reporter-output>
        </test-method> <!-- launchBrowser -->
        <test-method is-config="true" signature="launchURL()[pri:0, instance:TestNg.TC_1_LoginToOrangeHRM@712625fd]" started-at="2024-10-16T17:32:23 IST" name="launchURL" finished-at="2024-10-16T17:32:28 IST" duration-ms="4795" status="PASS">
          <reporter-output>
          </reporter-output>
        </test-method> <!-- launchURL -->
        <test-method is-config="true" signature="waitingTime()[pri:0, instance:TestNg.TC_1_LoginToOrangeHRM@712625fd]" started-at="2024-10-16T17:32:28 IST" name="waitingTime" finished-at="2024-10-16T17:32:28 IST" duration-ms="14" status="PASS">
          <reporter-output>
          </reporter-output>
        </test-method> <!-- waitingTime -->
        <test-method signature="enterUser()[pri:1, instance:TestNg.TC_1_LoginToOrangeHRM@712625fd]" started-at="2024-10-16T17:32:28 IST" name="enterUser" finished-at="2024-10-16T17:32:28 IST" duration-ms="549" status="PASS">
          <reporter-output>
          </reporter-output>
        </test-method> <!-- enterUser -->
        <test-method is-config="true" signature="waitingTime1()[pri:0, instance:TestNg.TC_1_LoginToOrangeHRM@712625fd]" started-at="2024-10-16T17:32:28 IST" name="waitingTime1" finished-at="2024-10-16T17:32:28 IST" duration-ms="7" status="PASS">
          <reporter-output>
          </reporter-output>
        </test-method> <!-- waitingTime1 -->
        <test-method is-config="true" signature="waitingTime()[pri:0, instance:TestNg.TC_1_LoginToOrangeHRM@712625fd]" started-at="2024-10-16T17:32:28 IST" name="waitingTime" finished-at="2024-10-16T17:32:28 IST" duration-ms="6" status="PASS">
          <reporter-output>
          </reporter-output>
        </test-method> <!-- waitingTime -->
        <test-method signature="enterPassword()[pri:2, instance:TestNg.TC_1_LoginToOrangeHRM@712625fd]" started-at="2024-10-16T17:32:28 IST" name="enterPassword" finished-at="2024-10-16T17:32:29 IST" duration-ms="99" status="PASS">
          <reporter-output>
          </reporter-output>
        </test-method> <!-- enterPassword -->
        <test-method is-config="true" signature="waitingTime1()[pri:0, instance:TestNg.TC_1_LoginToOrangeHRM@712625fd]" started-at="2024-10-16T17:32:29 IST" name="waitingTime1" finished-at="2024-10-16T17:32:29 IST" duration-ms="5" status="PASS">
          <reporter-output>
          </reporter-output>
        </test-method> <!-- waitingTime1 -->
        <test-method is-config="true" signature="waitingTime()[pri:0, instance:TestNg.TC_1_LoginToOrangeHRM@712625fd]" started-at="2024-10-16T17:32:29 IST" name="waitingTime" finished-at="2024-10-16T17:32:29 IST" duration-ms="17" status="PASS">
          <reporter-output>
          </reporter-output>
        </test-method> <!-- waitingTime -->
        <test-method signature="clickLogin()[pri:3, instance:TestNg.TC_1_LoginToOrangeHRM@712625fd]" started-at="2024-10-16T17:32:29 IST" name="clickLogin" finished-at="2024-10-16T17:32:30 IST" duration-ms="1621" status="PASS">
          <reporter-output>
          </reporter-output>
        </test-method> <!-- clickLogin -->
        <test-method is-config="true" signature="waitingTime1()[pri:0, instance:TestNg.TC_1_LoginToOrangeHRM@712625fd]" started-at="2024-10-16T17:32:30 IST" name="waitingTime1" finished-at="2024-10-16T17:32:30 IST" duration-ms="7" status="PASS">
          <reporter-output>
          </reporter-output>
        </test-method> <!-- waitingTime1 -->
        <test-method is-config="true" signature="closeBrowser()[pri:0, instance:TestNg.TC_1_LoginToOrangeHRM@712625fd]" started-at="2024-10-16T17:32:37 IST" name="closeBrowser" finished-at="2024-10-16T17:32:37 IST" duration-ms="1" status="PASS">
          <reporter-output>
          </reporter-output>
        </test-method> <!-- closeBrowser -->
      </class> <!-- TestNg.TC_1_LoginToOrangeHRM -->
      <class name="TestNg.TC_2_VerifyAdminTab">
        <test-method is-config="true" signature="launchBrowser()[pri:0, instance:TestNg.TC_2_VerifyAdminTab@4c60d6e9]" started-at="2024-10-16T17:32:13 IST" name="launchBrowser" finished-at="2024-10-16T17:32:23 IST" duration-ms="9598" status="PASS">
          <reporter-output>
          </reporter-output>
        </test-method> <!-- launchBrowser -->
        <test-method is-config="true" signature="launchURL()[pri:0, instance:TestNg.TC_2_VerifyAdminTab@4c60d6e9]" started-at="2024-10-16T17:32:30 IST" name="launchURL" finished-at="2024-10-16T17:32:33 IST" duration-ms="2915" status="PASS">
          <reporter-output>
          </reporter-output>
        </test-method> <!-- launchURL -->
        <test-method is-config="true" signature="waitingTime()[pri:0, instance:TestNg.TC_2_VerifyAdminTab@4c60d6e9]" started-at="2024-10-16T17:32:33 IST" name="waitingTime" finished-at="2024-10-16T17:32:33 IST" duration-ms="17" status="PASS">
          <reporter-output>
          </reporter-output>
        </test-method> <!-- waitingTime -->
        <test-method signature="enterUser()[pri:1, instance:TestNg.TC_2_VerifyAdminTab@4c60d6e9]" started-at="2024-10-16T17:32:33 IST" name="enterUser" finished-at="2024-10-16T17:32:34 IST" duration-ms="599" status="PASS">
          <reporter-output>
          </reporter-output>
        </test-method> <!-- enterUser -->
        <test-method is-config="true" signature="waitingTime1()[pri:0, instance:TestNg.TC_2_VerifyAdminTab@4c60d6e9]" started-at="2024-10-16T17:32:34 IST" name="waitingTime1" finished-at="2024-10-16T17:32:34 IST" duration-ms="10" status="PASS">
          <reporter-output>
          </reporter-output>
        </test-method> <!-- waitingTime1 -->
        <test-method is-config="true" signature="waitingTime()[pri:0, instance:TestNg.TC_2_VerifyAdminTab@4c60d6e9]" started-at="2024-10-16T17:32:34 IST" name="waitingTime" finished-at="2024-10-16T17:32:34 IST" duration-ms="7" status="PASS">
          <reporter-output>
          </reporter-output>
        </test-method> <!-- waitingTime -->
        <test-method signature="enterPassword()[pri:2, instance:TestNg.TC_2_VerifyAdminTab@4c60d6e9]" started-at="2024-10-16T17:32:34 IST" name="enterPassword" finished-at="2024-10-16T17:32:34 IST" duration-ms="158" status="PASS">
          <reporter-output>
          </reporter-output>
        </test-method> <!-- enterPassword -->
        <test-method is-config="true" signature="waitingTime1()[pri:0, instance:TestNg.TC_2_VerifyAdminTab@4c60d6e9]" started-at="2024-10-16T17:32:34 IST" name="waitingTime1" finished-at="2024-10-16T17:32:34 IST" duration-ms="8" status="PASS">
          <reporter-output>
          </reporter-output>
        </test-method> <!-- waitingTime1 -->
        <test-method is-config="true" signature="waitingTime()[pri:0, instance:TestNg.TC_2_VerifyAdminTab@4c60d6e9]" started-at="2024-10-16T17:32:34 IST" name="waitingTime" finished-at="2024-10-16T17:32:34 IST" duration-ms="43" status="PASS">
          <reporter-output>
          </reporter-output>
        </test-method> <!-- waitingTime -->
        <test-method signature="clickLogin()[pri:3, instance:TestNg.TC_2_VerifyAdminTab@4c60d6e9]" started-at="2024-10-16T17:32:34 IST" name="clickLogin" finished-at="2024-10-16T17:32:34 IST" duration-ms="129" status="PASS">
          <reporter-output>
          </reporter-output>
        </test-method> <!-- clickLogin -->
        <test-method is-config="true" signature="waitingTime1()[pri:0, instance:TestNg.TC_2_VerifyAdminTab@4c60d6e9]" started-at="2024-10-16T17:32:34 IST" name="waitingTime1" finished-at="2024-10-16T17:32:34 IST" duration-ms="19" status="PASS">
          <reporter-output>
          </reporter-output>
        </test-method> <!-- waitingTime1 -->
        <test-method is-config="true" signature="waitingTime()[pri:0, instance:TestNg.TC_2_VerifyAdminTab@4c60d6e9]" started-at="2024-10-16T17:32:34 IST" name="waitingTime" finished-at="2024-10-16T17:32:34 IST" duration-ms="10" status="PASS">
          <reporter-output>
          </reporter-output>
        </test-method> <!-- waitingTime -->
        <test-method signature="clickAdmin()[pri:4, instance:TestNg.TC_2_VerifyAdminTab@4c60d6e9]" started-at="2024-10-16T17:32:34 IST" name="clickAdmin" finished-at="2024-10-16T17:32:37 IST" duration-ms="2860" status="PASS">
          <reporter-output>
          </reporter-output>
        </test-method> <!-- clickAdmin -->
        <test-method is-config="true" signature="waitingTime1()[pri:0, instance:TestNg.TC_2_VerifyAdminTab@4c60d6e9]" started-at="2024-10-16T17:32:37 IST" name="waitingTime1" finished-at="2024-10-16T17:32:37 IST" duration-ms="12" status="PASS">
          <reporter-output>
          </reporter-output>
        </test-method> <!-- waitingTime1 -->
        <test-method is-config="true" signature="closeBrowser()[pri:0, instance:TestNg.TC_2_VerifyAdminTab@4c60d6e9]" started-at="2024-10-16T17:32:37 IST" name="closeBrowser" finished-at="2024-10-16T17:32:37 IST" duration-ms="1" status="PASS">
          <reporter-output>
          </reporter-output>
        </test-method> <!-- closeBrowser -->
      </class> <!-- TestNg.TC_2_VerifyAdminTab -->
    </test> <!-- Test -->
  </suite> <!-- Suite -->
</testng-results>
