<?xml version="1.0" encoding="UTF-8"?>
<!-- Generated by org.testng.reporters.JUnitXMLReporter -->
<testsuite ignored="0" hostname="DESKTOP-8POQ4MS" failures="0" tests="3" name="Default test" time="40.275" errors="0" timestamp="2024-10-16T17:05:04 IST">
  <testcase classname="TestNg.TC_1_LoginToOrangeHRM" name="enterUser" time="3.592"/>
  <testcase classname="TestNg.TC_1_LoginToOrangeHRM" name="enterPassword" time="0.228"/>
  <testcase classname="TestNg.TC_1_LoginToOrangeHRM" name="clickLogin" time="13.315"/>
</testsuite> <!-- Default test -->
