<?xml version="1.0" encoding="UTF-8"?>
<!-- Generated by org.testng.reporters.JUnitXMLReporter -->
<testsuite ignored="0" hostname="DESKTOP-8POQ4MS" failures="0" tests="4" name="Test" time="10.816" errors="0" timestamp="2024-10-16T17:37:42 IST">
  <testcase classname="TestNg.TC_2_VerifyAdminTab" name="enterUser" time="1.18"/>
  <testcase classname="TestNg.TC_2_VerifyAdminTab" name="enterPassword" time="0.197"/>
  <testcase classname="TestNg.TC_2_VerifyAdminTab" name="clickLogin" time="1.281"/>
  <testcase classname="TestNg.TC_2_VerifyAdminTab" name="clickAdmin" time="1.801"/>
</testsuite> <!-- Test -->
